[0.649s] Invoking command in '/home/otake/ros2_ws/src/mypkg': PYTHONPATH=/home/otake/ros2_ws/src/mypkg/build/mypkg/prefix_override:/usr/lib/python3/dist-packages/colcon_core/task/python/colcon_distutils_commands:/home/otake/ros2_ws/src/mypkg/install/mypkg/lib/python3.8/site-packages:${PYTHONPATH} /usr/bin/python3 -W ignore:setup.py install is deprecated setup.py egg_info --egg-base build/mypkg build --build-base /home/otake/ros2_ws/src/mypkg/build/mypkg/build install --record /home/otake/ros2_ws/src/mypkg/build/mypkg/install.log --install-scripts $base/lib/mypkg --single-version-externally-managed install_data
[0.853s] running egg_info
[0.853s] writing build/mypkg/mypkg.egg-info/PKG-INFO
[0.854s] writing dependency_links to build/mypkg/mypkg.egg-info/dependency_links.txt
[0.855s] writing entry points to build/mypkg/mypkg.egg-info/entry_points.txt
[0.855s] writing requirements to build/mypkg/mypkg.egg-info/requires.txt
[0.855s] writing top-level names to build/mypkg/mypkg.egg-info/top_level.txt
[0.892s] reading manifest file 'build/mypkg/mypkg.egg-info/SOURCES.txt'
[0.893s] writing manifest file 'build/mypkg/mypkg.egg-info/SOURCES.txt'
[0.893s] running build
[0.893s] running build_py
[0.894s] running install
[0.895s] running install_lib
[0.896s] running install_data
[0.896s] running install_egg_info
[0.898s] removing '/home/otake/ros2_ws/src/mypkg/install/mypkg/lib/python3.8/site-packages/mypkg-0.0.0-py3.8.egg-info' (and everything under it)
[0.899s] Copying build/mypkg/mypkg.egg-info to /home/otake/ros2_ws/src/mypkg/install/mypkg/lib/python3.8/site-packages/mypkg-0.0.0-py3.8.egg-info
[0.900s] running install_scripts
[0.923s] Installing talker script to /home/otake/ros2_ws/src/mypkg/install/mypkg/lib/mypkg
[0.923s] writing list of installed files to '/home/otake/ros2_ws/src/mypkg/build/mypkg/install.log'
[0.950s] Invoked command in '/home/otake/ros2_ws/src/mypkg' returned '0': PYTHONPATH=/home/otake/ros2_ws/src/mypkg/build/mypkg/prefix_override:/usr/lib/python3/dist-packages/colcon_core/task/python/colcon_distutils_commands:/home/otake/ros2_ws/src/mypkg/install/mypkg/lib/python3.8/site-packages:${PYTHONPATH} /usr/bin/python3 -W ignore:setup.py install is deprecated setup.py egg_info --egg-base build/mypkg build --build-base /home/otake/ros2_ws/src/mypkg/build/mypkg/build install --record /home/otake/ros2_ws/src/mypkg/build/mypkg/install.log --install-scripts $base/lib/mypkg --single-version-externally-managed install_data
