[0.950s] Invoking command in '/home/otake/ros2_ws/src/mypkg': PYTHONPATH=/home/otake/ros2_ws/src/mypkg/build/mypkg/prefix_override:/usr/lib/python3/dist-packages/colcon_core/task/python/colcon_distutils_commands:/home/otake/ros2_ws/src/mypkg/install/mypkg/lib/python3.8/site-packages:${PYTHONPATH} /usr/bin/python3 -W ignore:setup.py install is deprecated setup.py egg_info --egg-base build/mypkg build --build-base /home/otake/ros2_ws/src/mypkg/build/mypkg/build install --record /home/otake/ros2_ws/src/mypkg/build/mypkg/install.log --install-scripts $base/lib/mypkg --single-version-externally-managed install_data
[1.169s] running egg_info
[1.171s] writing build/mypkg/mypkg.egg-info/PKG-INFO
[1.179s] writing dependency_links to build/mypkg/mypkg.egg-info/dependency_links.txt
[1.180s] writing entry points to build/mypkg/mypkg.egg-info/entry_points.txt
[1.180s] writing requirements to build/mypkg/mypkg.egg-info/requires.txt
[1.180s] writing top-level names to build/mypkg/mypkg.egg-info/top_level.txt
[1.227s] reading manifest file 'build/mypkg/mypkg.egg-info/SOURCES.txt'
[1.228s] writing manifest file 'build/mypkg/mypkg.egg-info/SOURCES.txt'
[1.228s] running build
[1.229s] running build_py
[1.233s] copying mypkg/talker.py -> /home/otake/ros2_ws/src/mypkg/build/mypkg/build/lib/mypkg
[1.233s] copying mypkg/listener.py -> /home/otake/ros2_ws/src/mypkg/build/mypkg/build/lib/mypkg
[1.234s] running install
[1.235s] running install_lib
[1.237s] copying /home/otake/ros2_ws/src/mypkg/build/mypkg/build/lib/mypkg/talker.py -> /home/otake/ros2_ws/src/mypkg/install/mypkg/lib/python3.8/site-packages/mypkg
[1.238s] copying /home/otake/ros2_ws/src/mypkg/build/mypkg/build/lib/mypkg/listener.py -> /home/otake/ros2_ws/src/mypkg/install/mypkg/lib/python3.8/site-packages/mypkg
[1.239s] byte-compiling /home/otake/ros2_ws/src/mypkg/install/mypkg/lib/python3.8/site-packages/mypkg/talker.py to talker.cpython-38.pyc
[1.241s] byte-compiling /home/otake/ros2_ws/src/mypkg/install/mypkg/lib/python3.8/site-packages/mypkg/listener.py to listener.cpython-38.pyc
[1.241s] running install_data
[1.242s] running install_egg_info
[1.245s] removing '/home/otake/ros2_ws/src/mypkg/install/mypkg/lib/python3.8/site-packages/mypkg-0.0.0-py3.8.egg-info' (and everything under it)
[1.245s] Copying build/mypkg/mypkg.egg-info to /home/otake/ros2_ws/src/mypkg/install/mypkg/lib/python3.8/site-packages/mypkg-0.0.0-py3.8.egg-info
[1.248s] running install_scripts
[1.270s] Installing listener script to /home/otake/ros2_ws/src/mypkg/install/mypkg/lib/mypkg
[1.270s] Installing talker script to /home/otake/ros2_ws/src/mypkg/install/mypkg/lib/mypkg
[1.271s] writing list of installed files to '/home/otake/ros2_ws/src/mypkg/build/mypkg/install.log'
[1.300s] Invoked command in '/home/otake/ros2_ws/src/mypkg' returned '0': PYTHONPATH=/home/otake/ros2_ws/src/mypkg/build/mypkg/prefix_override:/usr/lib/python3/dist-packages/colcon_core/task/python/colcon_distutils_commands:/home/otake/ros2_ws/src/mypkg/install/mypkg/lib/python3.8/site-packages:${PYTHONPATH} /usr/bin/python3 -W ignore:setup.py install is deprecated setup.py egg_info --egg-base build/mypkg build --build-base /home/otake/ros2_ws/src/mypkg/build/mypkg/build install --record /home/otake/ros2_ws/src/mypkg/build/mypkg/install.log --install-scripts $base/lib/mypkg --single-version-externally-managed install_data
