[0.595s] Invoking command in '/home/otake/ros2_ws/src/mypkg': PYTHONPATH=/home/otake/ros2_ws/src/mypkg/build/mypkg/prefix_override:/usr/lib/python3/dist-packages/colcon_core/task/python/colcon_distutils_commands:/home/otake/ros2_ws/src/mypkg/install/mypkg/lib/python3.8/site-packages:${PYTHONPATH} /usr/bin/python3 -W ignore:setup.py install is deprecated setup.py egg_info --egg-base build/mypkg build --build-base /home/otake/ros2_ws/src/mypkg/build/mypkg/build install --record /home/otake/ros2_ws/src/mypkg/build/mypkg/install.log --install-scripts $base/lib/mypkg --single-version-externally-managed install_data
[0.814s] running egg_info
[0.814s] creating build/mypkg/mypkg.egg-info
[0.814s] writing build/mypkg/mypkg.egg-info/PKG-INFO
[0.815s] writing dependency_links to build/mypkg/mypkg.egg-info/dependency_links.txt
[0.815s] writing entry points to build/mypkg/mypkg.egg-info/entry_points.txt
[0.815s] writing requirements to build/mypkg/mypkg.egg-info/requires.txt
[0.816s] writing top-level names to build/mypkg/mypkg.egg-info/top_level.txt
[0.817s] writing manifest file 'build/mypkg/mypkg.egg-info/SOURCES.txt'
[0.849s] reading manifest file 'build/mypkg/mypkg.egg-info/SOURCES.txt'
[0.850s] writing manifest file 'build/mypkg/mypkg.egg-info/SOURCES.txt'
[0.850s] running build
[0.850s] running build_py
[0.850s] creating /home/otake/ros2_ws/src/mypkg/build/mypkg/build
[0.850s] creating /home/otake/ros2_ws/src/mypkg/build/mypkg/build/lib
[0.850s] creating /home/otake/ros2_ws/src/mypkg/build/mypkg/build/lib/mypkg
[0.851s] copying mypkg/talker.py -> /home/otake/ros2_ws/src/mypkg/build/mypkg/build/lib/mypkg
[0.851s] copying mypkg/__init__.py -> /home/otake/ros2_ws/src/mypkg/build/mypkg/build/lib/mypkg
[0.851s] running install
[0.853s] running install_lib
[0.854s] creating /home/otake/ros2_ws/src/mypkg/install/mypkg/lib/python3.8/site-packages/mypkg
[0.854s] copying /home/otake/ros2_ws/src/mypkg/build/mypkg/build/lib/mypkg/talker.py -> /home/otake/ros2_ws/src/mypkg/install/mypkg/lib/python3.8/site-packages/mypkg
[0.854s] copying /home/otake/ros2_ws/src/mypkg/build/mypkg/build/lib/mypkg/__init__.py -> /home/otake/ros2_ws/src/mypkg/install/mypkg/lib/python3.8/site-packages/mypkg
[0.855s] byte-compiling /home/otake/ros2_ws/src/mypkg/install/mypkg/lib/python3.8/site-packages/mypkg/talker.py to talker.cpython-38.pyc
[0.856s] byte-compiling /home/otake/ros2_ws/src/mypkg/install/mypkg/lib/python3.8/site-packages/mypkg/__init__.py to __init__.cpython-38.pyc
[0.857s] running install_data
[0.857s] creating /home/otake/ros2_ws/src/mypkg/install/mypkg/share/ament_index
[0.857s] creating /home/otake/ros2_ws/src/mypkg/install/mypkg/share/ament_index/resource_index
[0.857s] creating /home/otake/ros2_ws/src/mypkg/install/mypkg/share/ament_index/resource_index/packages
[0.857s] copying resource/mypkg -> /home/otake/ros2_ws/src/mypkg/install/mypkg/share/ament_index/resource_index/packages
[0.857s] copying package.xml -> /home/otake/ros2_ws/src/mypkg/install/mypkg/share/mypkg
[0.858s] running install_egg_info
[0.860s] Copying build/mypkg/mypkg.egg-info to /home/otake/ros2_ws/src/mypkg/install/mypkg/lib/python3.8/site-packages/mypkg-0.0.0-py3.8.egg-info
[0.860s] running install_scripts
[0.879s] Installing talker script to /home/otake/ros2_ws/src/mypkg/install/mypkg/lib/mypkg
[0.879s] writing list of installed files to '/home/otake/ros2_ws/src/mypkg/build/mypkg/install.log'
[0.902s] Invoked command in '/home/otake/ros2_ws/src/mypkg' returned '0': PYTHONPATH=/home/otake/ros2_ws/src/mypkg/build/mypkg/prefix_override:/usr/lib/python3/dist-packages/colcon_core/task/python/colcon_distutils_commands:/home/otake/ros2_ws/src/mypkg/install/mypkg/lib/python3.8/site-packages:${PYTHONPATH} /usr/bin/python3 -W ignore:setup.py install is deprecated setup.py egg_info --egg-base build/mypkg build --build-base /home/otake/ros2_ws/src/mypkg/build/mypkg/build install --record /home/otake/ros2_ws/src/mypkg/build/mypkg/install.log --install-scripts $base/lib/mypkg --single-version-externally-managed install_data
